2022-11-14 00:59:22 | GU-035-011 | https://www.flickr.com/photos/10335112@N05/11019303166 | MANUAL
2022-11-14 07:29:37 | KA-016-032 | https://www.flickr.com/photos/61989447@N00/4738667699 | AUTO
2022-11-14 07:46:36 | MA-042-007 | NA | AUTO
2022-11-14 08:38:52 | SS-007-002 | NA | AUTO
2022-11-14 08:56:23 | TM-004-002 | NA | AUTO
2022-11-14 09:30:50 | SH-028-005 | https://www.flickr.com/photos/9722099@N02/6905947851 | AUTO
2022-11-14 09:49:47 | AL-037-008 | NA | AUTO
2022-11-14 10:34:48 | CW-001-005 | NA | AUTO
2022-11-14 10:53:43 | DB-006-002 | https://www.flickr.com/photos/9416709@N08/28326376387 | AUTO
2022-11-14 11:27:17 | MO-041-004 | NA | AUTO
2022-11-14 11:46:02 | LR-004-004 | NA | AUTO
2022-11-14 13:05:28 | TM-005-004 | https://www.flickr.com/photos/45457437@N00/3816377443 | AUTO
2022-11-14 13:58:21 | RF-001-001 | NA | AUTO
2022-11-14 14:33:32 | SU-080-010 | NA | AUTO
2022-11-14 14:50:26 | WS-005-002 | NA | AUTO
2022-11-14 15:33:15 | LA-025-001 | https://www.flickr.com/photos/10335112@N05/8214732507 | AUTO
2022-11-14 15:51:01 | KA-023-006 | https://www.flickr.com/photos/10335112@N05/15024036114 | AUTO
2022-11-14 16:45:36 | LC-040-014 | https://www.flickr.com/photos/10335112@N05/6364537721 | AUTO
2022-11-14 17:43:17 | CA-002-002 | https://www.flickr.com/photos/10335112@N05/5195308864 | AUTO
2022-11-14 18:37:22 | WW-002-002 | NA | AUTO
2022-11-14 18:54:25 | CH-048-010 | https://www.flickr.com/photos/23985513@N03/16330191238 | AUTO
2022-11-14 19:25:04 | SP-001-003 | NA | AUTO
2022-11-14 19:46:45 | LN-037-002 | https://www.flickr.com/photos/13393289@N05/41936500934 | AUTO
2022-11-14 20:49:48 | KA-121-012 | https://www.flickr.com/photos/13706945@N00/35366797452 | AUTO
2022-11-15 07:26:43 | ST-009-002 | NA | AUTO
2022-11-15 07:46:03 | GU-180-007 | https://www.flickr.com/photos/58414938@N00/8272594412 | AUTO
2022-11-15 08:37:01 | ON-003-003 | NA | AUTO
2022-11-15 08:52:31 | SO-006-004 | https://www.flickr.com/photos/23147336@N00/29617738571 | AUTO
2022-11-15 09:28:31 | PF-017-003 | NA | AUTO
2022-11-15 09:48:19 | UT-005-010 | https://www.flickr.com/photos/10354154@N05/16141872805 | AUTO
2022-11-15 10:31:41 | KA-054-005 | https://www.flickr.com/photos/10335112@N05/15458511250 | AUTO
2022-11-15 10:48:50 | LN-026-005 | https://www.flickr.com/photos/8251760@N02/36501945266 | AUTO
2022-11-15 11:25:10 | WS-012-009 | https://www.flickr.com/photos/131561068@N08/36365228801 | AUTO
2022-11-15 11:47:12 | WA-002-002 | NA | AUTO
2022-11-15 12:57:37 | CC-035-007 | https://www.flickr.com/photos/15181848@N02/51137498931 | AUTO
2022-11-15 13:43:35 | AS-026-002 | https://www.flickr.com/photos/10335112@N05/30571317034 | AUTO
2022-11-15 14:26:55 | LL-059-003 | NA | AUTO
2022-11-15 14:46:47 | SU-068-009 | NA | AUTO
2022-11-15 15:30:54 | CC-049-004 | https://www.flickr.com/photos/15181848@N02/51216044954 | AUTO
2022-11-15 15:50:09 | SN-018-005 | NA | AUTO
2022-11-15 16:42:36 | QL-001-001 | NA | AUTO
2022-11-15 17:01:59 | WB-028-001 | NA | AUTO
2022-11-15 17:30:42 | WB-048-003 | https://www.flickr.com/photos/39415781@N06/38449611306 | AUTO
2022-11-15 17:48:21 | SH-008-003 | https://www.flickr.com/photos/61546670@N02/12727302125 | AUTO
2022-11-15 18:34:59 | GR-030-003 | NA | AUTO
2022-11-15 18:53:02 | WB-044-008 | https://www.flickr.com/photos/39415781@N06/52399705435 | AUTO
2022-11-15 19:22:43 | BK-001-004 | NA | AUTO
2022-11-15 19:47:08 | CC-049-002 | https://www.flickr.com/photos/15181848@N02/51215954694 | AUTO
2022-11-15 20:31:16 | WV-018-004 | https://www.flickr.com/photos/39415781@N06/33148062140 | AUTO
2022-11-15 20:48:01 | YT-006-008 | https://www.flickr.com/photos/73788492@N00/23925096888 | AUTO
2022-11-16 07:29:05 | GU-169-002 | https://www.flickr.com/photos/45581782@N00/4160062864 | AUTO
2022-11-16 07:50:09 | RI-001-002 | https://www.flickr.com/photos/34034134@N02/9284380397 | AUTO
2022-11-16 08:39:40 | MR-001-001 | NA | AUTO
2022-11-16 08:55:27 | HN-011-010 | https://www.flickr.com/photos/48125931@N00/19227761028 | AUTO
2022-11-16 09:29:48 | RE-010-006 | https://www.flickr.com/photos/106270295@N04/25109489238 | AUTO
2022-11-16 09:48:05 | WS-004-002 | https://www.flickr.com/photos/39415781@N06/37657338935 | AUTO
2022-11-16 10:33:13 | LA-065-011 | https://www.flickr.com/photos/7657313@N08/48003090536 | AUTO
2022-11-16 10:49:34 | SM-009-004 | NA | AUTO
2022-11-16 11:26:15 | LL-005-003 | https://www.flickr.com/photos/18667910@N00/51275171250 | AUTO
2022-11-16 11:46:48 | MA-027-006 | NA | AUTO
2022-11-16 12:55:00 | ER-003-005 | NA | AUTO
2022-11-16 13:49:55 | WI-001-002 | https://www.flickr.com/photos/13607352@N05/17050560466 | AUTO
2022-11-16 14:29:20 | SA-001-002-01 | NA | AUTO
2022-11-16 14:49:16 | LC-026-008 | https://www.flickr.com/photos/10335112@N05/6364150499 | AUTO
2022-11-16 15:33:44 | UT-005-004 | https://www.flickr.com/photos/10354154@N05/18715854893 | AUTO
2022-11-16 15:50:58 | MC-002-003 | https://www.flickr.com/photos/63384349@N00/20433960579 | AUTO
2022-11-16 16:42:48 | PO-005-001-01 | NA | AUTO
2022-11-16 17:00:13 | LC-002-003 | https://www.flickr.com/photos/10335112@N05/6363236541 | AUTO
2022-11-16 17:30:45 | GU-206-007 | https://www.flickr.com/photos/99245765@N00/25420946853 | AUTO
2022-11-16 17:47:52 | GS-017-002 | https://www.flickr.com/photos/34413323@N00/6150035734 | AUTO
2022-11-16 18:36:15 | SR-005-008 | https://www.flickr.com/photos/45963333@N00/27655574541 | AUTO
2022-11-16 18:53:07 | RD-024-009 | https://www.flickr.com/photos/10335112@N05/5192085213 | AUTO
2022-11-16 19:24:52 | RY-001-006 | NA | AUTO
2022-11-16 19:47:14 | MF-007-006 | NA | AUTO
2022-11-16 20:31:48 | RO-022-002 | https://www.flickr.com/photos/30883843@N07/5592479213 | AUTO
2022-11-16 20:49:01 | SU-040-009 | https://www.flickr.com/photos/75711656@N00/5048762438 | AUTO
2022-11-17 07:26:27 | WS-002-004 | NA | AUTO
2022-11-17 07:48:22 | GU-139-009 | https://www.flickr.com/photos/10335112@N05/51759547370 | AUTO
2022-11-17 08:38:39 | SO-002-003 | https://www.flickr.com/photos/79391470@N00/4504597757 | AUTO
2022-11-17 08:53:34 | QF-001-002 | https://www.flickr.com/photos/15181848@N02/50274999942 | AUTO
2022-11-17 09:28:58 | LL-065-001 | NA | AUTO
2022-11-17 09:50:04 | KA-121-010 | https://www.flickr.com/photos/13706945@N00/49906188056 | AUTO
2022-11-17 10:33:41 | TN-001-001-02 | https://www.flickr.com/photos/37664973@N07/4063701827 | AUTO
2022-11-17 10:50:16 | TV-014-006 | https://www.flickr.com/photos/30483467@N07/7670592330 | AUTO
2022-11-17 11:25:46 | RQ-002-010 | https://www.flickr.com/photos/37699599@N00/7635478642 | AUTO
2022-11-17 12:57:20 | GH-001-021 | https://www.flickr.com/photos/77796013@N00/52077123496 | AUTO
2022-11-17 13:45:20 | BT-013-004 | NA | AUTO
2022-11-17 14:28:39 | BC-013-027 | https://www.flickr.com/photos/39415781@N06/37881137355 | AUTO
2022-11-17 15:32:29 | MA-037-005 | NA | AUTO
2022-11-17 15:50:40 | KA-042-002 | https://www.flickr.com/photos/61989447@N00/3463266225 | AUTO
2022-11-17 16:41:06 | MO-027-017 | NA | AUTO
2022-11-17 17:01:51 | LC-051-007 | https://www.flickr.com/photos/10335112@N05/6364753413 | AUTO
2022-11-17 17:30:15 | CC-015-003 | https://www.flickr.com/photos/15181848@N02/50107763446 | AUTO
2022-11-17 17:48:46 | WN-025-006 | https://www.flickr.com/photos/75093006@N00/4974316650 | AUTO
2022-11-17 18:35:23 | MT-002-005 | NA | AUTO
2022-11-17 18:52:06 | FT-001-032 | https://www.flickr.com/photos/79188546@N06/9996553316 | AUTO
2022-11-17 19:24:13 | CL-007-010 | NA | AUTO
2022-11-17 19:47:12 | LN-013-003 | https://www.flickr.com/photos/11561957@N06/51121506285 | AUTO
2022-11-17 20:30:21 | LP-001-006 | https://www.flickr.com/photos/10335112@N05/8214462841 | AUTO
2022-11-17 20:53:15 | DE-009-003 | https://www.flickr.com/photos/131561068@N08/51342902497 | AUTO
2022-11-18 07:35:48 | GU-086-017 | https://www.flickr.com/photos/68455704@N00/6210854958 | AUTO
2022-11-18 07:54:14 | CS-001-013 | NA | AUTO
2022-11-18 08:40:02 | WV-016-004 | https://www.flickr.com/photos/61261963@N03/52266754386 | AUTO
2022-11-18 08:56:24 | LL-122-003 | https://www.flickr.com/photos/14878709@N00/49739025816 | AUTO
2022-11-18 09:35:57 | TM-124-007 | NA | AUTO
2022-11-18 09:54:37 | SW-059-001 | https://www.flickr.com/photos/45457437@N00/8698944863 | AUTO
2022-11-18 10:40:11 | KA-124-002 | https://www.flickr.com/photos/22619955@N06/30762200507 | AUTO
2022-11-18 10:54:56 | CC-026-013 | https://www.flickr.com/photos/15181848@N02/50274999942 | AUTO
2022-11-18 11:30:36 | WE-007-010 | NA | AUTO
2022-11-18 11:53:02 | KA-010-004 | https://www.flickr.com/photos/43188309@N00/3885752028 | AUTO
2022-11-18 12:56:56 | DM-001-001 | https://www.flickr.com/photos/10335112@N05/5194902106 | AUTO
2022-11-18 13:50:38 | CC-035-004 | https://www.flickr.com/photos/15181848@N02/51140078223 | AUTO
2022-11-18 14:32:53 | RD-008-006 | https://www.flickr.com/photos/10335112@N05/5194479123 | AUTO
2022-11-18 14:53:00 | BG-001-006 | NA | AUTO
2022-11-18 15:38:05 | TN-001-003 | https://www.flickr.com/photos/37664973@N07/4063701827 | AUTO
2022-11-18 15:54:25 | MC-006-006 | NA | AUTO
2022-11-18 16:40:38 | TE-005-018-01 | https://www.flickr.com/photos/15213592@N03/29052401426 | AUTO
2022-11-18 16:59:56 | PO-001-002 | NA | AUTO
2022-11-18 17:29:11 | CL-027-012 | https://www.flickr.com/photos/58415659@N00/9152035577 | AUTO
2022-11-18 17:47:43 | GU-016-004 | https://www.flickr.com/photos/23766806@N00/49282062677 | AUTO
2022-11-18 18:36:11 | YT-006-008 | https://www.flickr.com/photos/73788492@N00/23925096888 | AUTO
2022-11-18 18:53:15 | RF-001-004 | NA | AUTO
2022-11-18 19:23:25 | BK-008-004-04 | https://www.flickr.com/photos/39415781@N06/46734873332 | AUTO
2022-11-18 19:47:19 | KA-037-003 | https://www.flickr.com/photos/22619955@N06/32544417978 | AUTO
2022-11-18 20:29:32 | GL-037-008 | https://www.flickr.com/photos/10335112@N05/31253932802 | AUTO
2022-11-18 20:47:46 | GU-086-015 | https://www.flickr.com/photos/16202437@N02/32419139818 | AUTO
2022-11-19 07:25:27 | KA-055-011 | https://www.flickr.com/photos/22619955@N06/45006090765 | AUTO
2022-11-19 07:46:25 | MC-016-004 | NA | AUTO
2022-11-19 08:33:40 | LN-012-001 | https://www.flickr.com/photos/11561957@N06/51120144317 | AUTO
2022-11-19 08:52:11 | MC-016-001 | NA | AUTO
2022-11-19 09:28:16 | SU-065-002 | NA | AUTO
2022-11-19 09:46:03 | GB-001-014 | https://www.flickr.com/photos/39415781@N06/36882274373 | AUTO
2022-11-19 10:30:01 | FT-004-002 | https://www.flickr.com/photos/146701441@N02/32649007135 | AUTO
2022-11-19 10:48:15 | HN-003-003 | https://www.flickr.com/photos/74849357@N00/8394878065 | AUTO
2022-11-19 11:23:35 | TX-001-002 | https://www.flickr.com/photos/33205016@N05/45352596245 | AUTO
2022-11-19 11:47:00 | GU-030-005 | https://www.flickr.com/photos/10335112@N05/11018866865 | AUTO
2022-11-19 12:47:58 | RT-045-009 | https://www.flickr.com/photos/58415659@N00/50743974942 | AUTO
2022-11-19 13:35:56 | ST-005-017 | https://www.flickr.com/photos/99145208@N00/34226053085 | AUTO
2022-11-19 13:48:43 | SM-002-009 | https://www.flickr.com/photos/44510888@N05/47043835742 | AUTO
2022-11-19 14:25:36 | FT-001-007 | https://www.flickr.com/photos/28834697@N08/3711161054 | AUTO
2022-11-19 14:46:08 | SW-042-006 | NA | AUTO
2022-11-19 15:28:44 | RQ-001-003-01 | https://www.flickr.com/photos/37699599@N00/7635478642 | AUTO
2022-11-19 15:49:53 | BF-002-010 | https://www.flickr.com/photos/39415781@N06/25515543378 | AUTO
2022-11-19 16:38:31 | LN-035-005 | https://www.flickr.com/photos/36101699310@N01/3842457933 | AUTO
2022-11-19 16:56:55 | OX-041-001 | https://www.flickr.com/photos/10335112@N05/4105129291 | AUTO
2022-11-19 17:27:35 | SM-002-003 | https://www.flickr.com/photos/44510888@N05/32144515537 | AUTO
2022-11-19 17:46:10 | YN-001-002 | https://www.flickr.com/photos/52171972@N05/43818425022 | AUTO
2022-11-19 18:33:58 | GU-173-013 | https://www.flickr.com/photos/58414938@N00/48329882176 | AUTO
2022-11-19 18:51:00 | MA-027-004 | NA | AUTO
2022-11-19 19:50:42 | YT-005-007 | NA | AUTO
2022-11-19 20:28:40 | GU-126-018 | https://www.flickr.com/photos/20342758@N00/52070024131 | AUTO
2022-11-19 20:46:27 | WN-021-006 | https://www.flickr.com/photos/28448204@N00/51928471406 | AUTO2022-11-20 07:24:15 | CA-033-002 | NA | AUTO
2022-11-20 07:43:46 | KA-120-018-01 | https://www.flickr.com/photos/61798879@N00/21376122075 | AUTO
2022-11-20 08:32:22 | BF-001-002 | https://www.flickr.com/photos/39415781@N06/52366216284 | AUTO
2022-11-20 08:48:38 | SU-060-007 | https://www.flickr.com/photos/45457437@N00/8698929309 | AUTO
2022-11-20 09:25:47 | CL-007-001 | NA | AUTO
2022-11-20 09:45:01 | PF-014-029 | https://www.flickr.com/photos/53804272@N07/11931524244 | AUTO
2022-11-20 10:29:15 | KA-008-001 | https://www.flickr.com/photos/22619955@N06/46352118814 | AUTO
2022-11-20 10:48:14 | ER-002-002 | https://www.flickr.com/photos/60099286@N00/51819080314 | AUTO
2022-11-20 11:22:15 | LL-001-003 | https://www.flickr.com/photos/62213911@N02/7975458608 | AUTO
2022-11-20 11:43:04 | WS-012-002 | https://www.flickr.com/photos/39415781@N06/13916515089 | AUTO
2022-11-20 12:46:42 | KA-036-008 | https://www.flickr.com/photos/22619955@N06/45693209814 | AUTO
2022-11-20 13:34:43 | OX-020-001 | https://www.flickr.com/photos/23765024@N05/7282832638 | AUTO
2022-11-20 13:46:28 | WB-009-003 | NA | AUTO
2022-11-20 14:24:11 | LL-039-003 | NA | AUTO
2022-11-20 14:43:51 | FK-005-007 | NA | AUTO
2022-11-20 15:27:18 | GU-096-002 | https://www.flickr.com/photos/10335112@N05/50737860611 | AUTO
2022-11-20 15:45:58 | LL-117-007 | https://www.flickr.com/photos/14878709@N00/49936259801 | AUTO
2022-11-20 16:36:15 | MC-008-002 | https://www.flickr.com/photos/27911027@N00/49964612551 | AUTO
2022-11-20 16:55:46 | CA-006-010 | https://www.flickr.com/photos/10335112@N05/5195233249 | AUTO
2022-11-20 17:24:14 | PO-007-004 | https://www.flickr.com/photos/137014378@N06/23376882993 | AUTO
2022-11-20 17:43:53 | WE-020-001 | https://www.flickr.com/photos/131561068@N08/31803127826 | AUTO
2022-11-20 18:31:13 | TM-138-001 | NA | AUTO
2022-11-20 18:50:04 | OX-100-005 | https://www.flickr.com/photos/28121598@N03/36116923273 | AUTO
2022-11-20 19:22:47 | HN-021-004 | https://www.flickr.com/photos/90384027@N00/14576145787 | AUTO
2022-11-20 19:43:41 | OX-076-001 | https://www.flickr.com/photos/68455704@N00/6092653882 | AUTO
2022-11-20 20:27:27 | CC-048-002 | https://www.flickr.com/photos/15181848@N02/51215086938 | AUTO
2022-11-20 20:45:20 | NJ-001-006 | NA | AUTO
2022-11-21 07:25:24 | XU-001-001-05 | https://www.flickr.com/photos/74849357@N00/5622027212 | AUTO
2022-11-21 07:43:12 | RL-002-001 | NA | AUTO
2022-11-21 08:35:37 | MO-026-002 | NA | AUTO
2022-11-21 08:50:39 | RO-051-001 | https://www.flickr.com/photos/126414481@N08/52007713801 | AUTO
2022-11-21 09:27:35 | ER-016-002 | https://www.flickr.com/photos/10354154@N05/22043185175 | AUTO
2022-11-21 09:46:07 | OX-096-002 | https://www.flickr.com/photos/10335112@N05/4103639130 | AUTO
2022-11-21 10:31:59 | MA-013-006 | https://www.flickr.com/photos/27911027@N00/14314100102 | AUTO
2022-11-21 10:48:52 | SS-002-001 | https://www.flickr.com/photos/37699599@N00/7005772470 | AUTO
2022-11-21 11:23:26 | RS-021-002 | NA | AUTO
2022-11-21 11:43:38 | GU-033-022 | https://www.flickr.com/photos/39415781@N06/32611644753 | AUTO
2022-11-21 12:53:42 | LL-178-013 | https://www.flickr.com/photos/93416311@N00/22297008382 | AUTO
2022-11-21 13:49:25 | KA-119-002 | https://www.flickr.com/photos/13706945@N00/30286717061 | AUTO
2022-11-21 14:25:40 | BF-001-016 | https://www.flickr.com/photos/15181848@N02/51388288998 | AUTO
2022-11-21 14:45:53 | LB-001-002 | https://www.flickr.com/photos/29057345@N04/48952212227 | AUTO
2022-11-21 15:29:17 | MI-001-053 | https://www.flickr.com/photos/45457437@N00/37110479162 | AUTO
2022-11-21 15:48:31 | LC-025-003 | https://www.flickr.com/photos/10335112@N05/6364138239 | AUTO
2022-11-21 16:40:00 | AW-005-007-01 | NA | AUTO
2022-11-21 17:45:56 | WV-007-005 | NA | AUTO
2022-11-21 18:34:26 | LL-183-001 | https://www.flickr.com/photos/77796013@N00/52512402319 | AUTO
2022-11-21 18:50:40 | MA-028-001 | NA | AUTO
2022-11-21 19:22:16 | WV-018-028 | https://www.flickr.com/photos/39415781@N06/32717568093 | AUTO
2022-11-21 19:44:22 | CI-001-002 | https://www.flickr.com/photos/45963333@N00/27641429340 | AUTO
2022-11-21 20:27:16 | TM-101-001 | https://www.flickr.com/photos/14113765@N00/48661099941 | AUTO
2022-11-21 20:45:08 | AS-012-001 | https://www.flickr.com/photos/10335112@N05/31392579105 | AUTO
2022-11-22 07:27:40 | BP-003-010 | NA | AUTO
2022-11-22 07:44:24 | YR-001-002 | https://www.flickr.com/photos/14878709@N00/49750836791 | AUTO
2022-11-22 08:37:15 | NJ-005-003 | NA | AUTO
2022-11-22 08:53:12 | GH-003-002 | https://www.flickr.com/photos/10335112@N05/30587599923 | AUTO
2022-11-22 09:27:13 | LL-064-003 | NA | AUTO
2022-11-22 09:45:52 | LL-177-004 | https://www.flickr.com/photos/93416311@N00/38241186062 | AUTO
2022-11-22 10:30:31 | GU-117-002 | https://www.flickr.com/photos/97595808@N00/19992444678 | AUTO
2022-11-22 10:49:46 | WB-019-001 | https://www.flickr.com/photos/77796013@N00/10489623676 | AUTO
2022-11-22 11:23:24 | WS-008-001 | NA | AUTO
2022-11-22 11:43:54 | HB-006-005 | NA | AUTO
2022-11-22 12:52:37 | MF-001-001 | NA | AUTO
2022-11-22 13:39:08 | SW-055-009 | NA | AUTO
2022-11-22 13:52:08 | RD-024-002 | https://www.flickr.com/photos/111842568@N03/52082609043 | AUTO
2022-11-22 14:26:07 | LL-162-001 | https://www.flickr.com/photos/8389569@N08/3839486617 | AUTO
2022-11-22 14:46:31 | SU-063-002 | https://www.flickr.com/photos/52171972@N05/6210075893 | AUTO
2022-11-22 15:30:01 | ER-018-009 | https://www.flickr.com/photos/34621580@N00/26430454563 | AUTO
2022-11-22 15:50:06 | DB-009-006 | https://www.flickr.com/photos/39415781@N06/36142355020 | AUTO
2022-11-22 16:38:28 | NJ-009-003 | https://www.flickr.com/photos/158303852@N05/29704108458 | AUTO
2022-11-22 17:00:28 | OX-029-004 | NA | AUTO
2022-11-22 17:27:18 | GU-049-006 | https://www.flickr.com/photos/10335112@N05/11019810235 | AUTO
2022-11-22 17:45:56 | HN-019-001 | https://www.flickr.com/photos/22616984@N07/6954719612 | AUTO
2022-11-22 18:33:05 | MR-003-004 | NA | AUTO
2022-11-22 18:51:23 | LL-090-009 | https://www.flickr.com/photos/10335112@N05/24084186533 | AUTO
2022-11-22 19:24:00 | SU-037-003 | NA | AUTO
2022-11-22 19:44:10 | LC-003-009 | https://www.flickr.com/photos/10335112@N05/6363311585 | AUTO
2022-11-22 20:27:11 | CC-055-002 | https://www.flickr.com/photos/131561068@N08/48769277766 | AUTO
2022-11-22 20:45:15 | LE-001-004 | https://www.flickr.com/photos/44510888@N05/52450895087 | AUTO
2022-11-23 07:22:57 | TN-015-001 | https://www.flickr.com/photos/137828720@N06/42522546931 | AUTO
2022-11-23 07:44:07 | LL-043-004 | NA | AUTO
2022-11-23 08:32:01 | AN-001-010 | https://www.flickr.com/photos/63366344@N02/9636161331 | AUTO
2022-11-23 08:48:27 | ST-006-031 | NA | AUTO
2022-11-23 09:25:10 | GU-075-001 | https://www.flickr.com/photos/39233891@N05/50510704798 | AUTO
2022-11-23 09:51:30 | MB-031-006 | NA | AUTO
2022-11-23 10:28:45 | TM-028-003 | https://www.flickr.com/photos/44510888@N05/45401727531 | AUTO
2022-11-23 10:45:47 | LG-004-015 | https://www.flickr.com/photos/10335112@N05/6365814683 | AUTO
2022-11-23 11:23:07 | GR-015-005-01 | NA | AUTO
2022-11-23 11:43:31 | RE-010-002 | https://www.flickr.com/photos/106270295@N04/38548831695 | AUTO
2022-11-23 12:50:23 | ER-019-021 | https://www.flickr.com/photos/52231465@N06/39470278004 | AUTO
2022-11-23 13:38:06 | DE-004-002 | NA | AUTO
2022-11-23 13:50:48 | CC-019-004 | https://www.flickr.com/photos/15181848@N02/50183982658 | AUTO
2022-11-23 14:25:31 | FH-001-007-01 | https://www.flickr.com/photos/93416311@N00/14342733409 | AUTO
2022-11-23 14:43:52 | FT-001-009 | https://www.flickr.com/photos/75605062@N06/7548671816 | AUTO
2022-11-23 15:27:52 | LL-139-008 | https://www.flickr.com/photos/14878709@N00/49854941306 | AUTO
2022-11-23 15:46:18 | OX-043-001 | https://www.flickr.com/photos/10335112@N05/11020571156 | AUTO
2022-11-23 16:35:56 | AN-009-007 | https://www.flickr.com/photos/45457437@N00/3816224667 | AUTO
2022-11-23 16:54:53 | TM-116-002 | https://www.flickr.com/photos/10335112@N05/30571920894 | AUTO
2022-11-23 17:22:28 | WH-001-003 | https://www.flickr.com/photos/39415781@N06/42852139980 | AUTO
2022-11-23 17:43:31 | RD-027-003 | https://www.flickr.com/photos/50191609@N00/51724973579 | AUTO
2022-11-23 18:31:47 | AS-022-002 | https://www.flickr.com/photos/45963333@N00/26989982474 | AUTO
2022-11-23 18:48:08 | PB-001-029 | https://www.flickr.com/photos/44349274@N00/4645980980 | AUTO
2022-11-23 19:21:21 | RD-001-011 | https://www.flickr.com/photos/41894148532@N01/5836688005 | AUTO
2022-11-23 19:43:32 | LL-193-001 | https://www.flickr.com/photos/10335112@N05/24085870524 | AUTO
2022-11-23 20:26:58 | GR-020-003 | NA | AUTO
2022-11-23 20:45:36 | KA-102-012 | https://www.flickr.com/photos/22619955@N06/26281046808 | AUTO
2022-11-24 07:24:10 | FH-001-007-01 | https://www.flickr.com/photos/93416311@N00/14342733409 | AUTO
2022-11-24 07:44:27 | BE-001-008-01 | https://www.flickr.com/photos/61261963@N03/52266769993 | AUTO
2022-11-24 08:32:23 | GU-145-001 | https://www.flickr.com/photos/11302107@N05/7145745697 | AUTO
2022-11-24 08:48:10 | GU-060-004 | https://www.flickr.com/photos/10335112@N05/11020390475 | AUTO
2022-11-24 09:25:18 | GA-005-001 | NA | AUTO
2022-11-24 09:45:03 | OX-088-001 | https://www.flickr.com/photos/23365488@N02/28633530260 | AUTO
2022-11-24 10:28:20 | KA-129-003 | https://www.flickr.com/photos/53403560@N00/38786153384 | AUTO
2022-11-24 10:47:15 | RF-001-004 | NA | AUTO
2022-11-24 11:21:47 | RS-051-005 | NA | AUTO
2022-11-24 11:44:01 | GU-170-004 | https://www.flickr.com/photos/78964972@N00/50572669362 | AUTO
2022-11-24 12:50:50 | MA-043-005 | NA | AUTO
2022-11-24 13:36:16 | RS-049-002 | https://www.flickr.com/photos/39415781@N06/20238809580 | AUTO
2022-11-24 13:47:40 | WV-002-016 | https://www.flickr.com/photos/13085707@N04/4930632406 | AUTO
2022-11-24 14:23:58 | SW-010-002 | https://www.flickr.com/photos/49432141@N00/4338073985 | AUTO
2022-11-24 14:44:29 | GF-001-002 | NA | AUTO
2022-11-24 15:26:50 | OX-063-005 | https://www.flickr.com/photos/48600096354@N01/51599289237 | AUTO
2022-11-24 15:45:13 | LL-125-004 | https://www.flickr.com/photos/14878709@N00/49738836811 | AUTO
2022-11-24 16:34:37 | FT-003-003 | https://www.flickr.com/photos/146701441@N02/32269896510 | AUTO
2022-11-24 16:54:01 | RL-002-005 | NA | AUTO
2022-11-24 17:24:38 | CN-001-001 | NA | AUTO
2022-11-24 17:43:06 | CM-002-009 | NA | AUTO
2022-11-24 18:31:19 | LN-012-007 | https://www.flickr.com/photos/23136508@N00/33477755353 | AUTO
2022-11-24 18:48:04 | CW-003-003 | NA | AUTO
2022-11-24 19:20:27 | LC-070-006 | NA | AUTO
2022-11-24 19:42:59 | RD-004-004 | https://www.flickr.com/photos/93416311@N00/9396816252 | AUTO
2022-11-24 20:27:14 | LN-037-004 | https://www.flickr.com/photos/94742635@N06/50495390702 | AUTO
